TN:
SF:/usr/share/miniconda/envs/test/lib/python3.11/site-packages/exactextract/__init__.py
DA:2,1,ed2p3BUB5dT7n2/6xpSEvw
DA:4,1,sq6sHf6sZUrFurn/aCIdNQ
DA:5,1,E1iSNqZ0dhcTArfrRAFbsQ
DA:6,1,EbWB04l2e3yG4XZgNJX1uA
DA:7,1,XA+j/ZWagKaR2uuExikBzw
DA:8,1,39b5omNpgq8kyitEcTUWTQ
DA:9,1,I6WlgejGt9Gy3EEFvbuRuA
DA:10,1,IbX1Fk/A2pUQtuOjUo2cCQ
LF:8
LH:8
end_of_record
TN:
SF:/usr/share/miniconda/envs/test/lib/python3.11/site-packages/exactextract/exact_extract.py
DA:1,1,7Z9Lj4ed27Wf2hBX6jooEA
DA:2,1,WpCPBvv1Za7VaefPGMuZDA
DA:3,1,zzPDmRA88e66fMjz0v8oFQ
DA:5,1,K72LP8oVzu1Jj45h9b40XA
DA:12,1,1fyV0iEqI2ptddrmUCi/Fw
DA:13,1,yL0vOmXu/VKwtZGQPauRTA
DA:14,1,S04vpVtJ9NJxQVXCDNt4Rg
DA:20,1,LhpaL+o4F3uGffG0Otd0Ew
DA:22,1,lCXOXpocBxjF6QtOnzv4+w
DA:25,1,UIOUWfbdUdkwTSWsRT1AaQ
DA:26,1,VwBqA+FE2so2Vi9WoXJ12g
DA:27,1,gu9QFqeX8wkjp3TVC9l2Lw
DA:28,1,TgA5Rnjwgh7lsFZ3wiGoIQ
DA:30,1,bY3WxE48ezK/rCnPc3iC+A
DA:32,1,gu9QFqeX8wkjp3TVC9l2Lw
DA:33,1,90H/UV1kNwL5Xv2ab7x93w
DA:35,1,ddqhfWUFJm1kHoKMSklnTg
DA:38,1,34afDN5B28nZUDD2gaMm6w
DA:41,1,43OFEqGeE8EPH33HJYmQhw
DA:42,1,7kkk2j6atr6P0LRFzt9eNg
DA:44,1,BVSSEHF0jsToVJQr6Klt+Q
DA:45,1,X6EQkHnW2NZQtMJwO3/ydg
DA:47,1,XZLTeb9RA9cqJXXAhjjvhw
DA:48,1,qNMuDPhAmE62D2oZmJ3Xag
DA:49,1,zFPM3Nd24vaLAwrr0+yOcw
DA:54,1,UakB9s4fH+fqFR/Pgt9KfA
DA:55,1,TdhNB+S7g8MC3NPtlf8TuQ
DA:57,1,B/Fo9U4/nMeRNS1JjGZVyQ
DA:58,1,PHTc2M4mJiA5sLH/8GN/vA
DA:60,1,UNv3AhTllOoQKmqYUIpoCw
DA:61,1,UUI7Eeo+WKIsXdeFoJkzhA
DA:63,1,OD74YZz05rIypVgP8EsXLA
DA:64,1,MTnE7fBDyFD0LwRwQRBblw
DA:65,1,xFrbOGpTPq98OhW9uFmMjw
DA:69,1,xBsLOPa8DPR7MSeJA82BtA
DA:72,1,B/Fo9U4/nMeRNS1JjGZVyQ
DA:73,1,2cnj9GAFR2Qeb5K3Oorlow
DA:75,1,UNv3AhTllOoQKmqYUIpoCw
DA:78,1,GTwJ6VJL5KtAwOiO6Dir/A
DA:79,1,zpLuAR+zxZPhQhvkdNklTQ
DA:80,1,xFrbOGpTPq98OhW9uFmMjw
DA:84,1,xBsLOPa8DPR7MSeJA82BtA
DA:87,1,B/Fo9U4/nMeRNS1JjGZVyQ
DA:88,1,f1OtxIfNSpIqyTz+SXApcQ
DA:89,1,SD5Qt30n9TWp26DYr9staQ
DA:91,1,Al+zmzyVBXNpZVEXB1d21g
DA:92,1,txwitSnS/ObTtylMctrTtQ
DA:93,1,xFrbOGpTPq98OhW9uFmMjw
DA:104,1,ngIg97/g86+TMDXW/TvzpQ
DA:107,1,yU15Tu+D94D452f9zODspg
DA:108,1,g53TSMrvOPd8yWgHXkYxyw
DA:110,1,lU1g8BQws3eYulFxlD2gpQ
DA:111,1,xsJDWKYlsyOQPyloLUzJmg
DA:113,1,AVI1R2LsmkmJKh6guzQgHg
DA:114,1,tfv+W4AZu8aWFAbfNdCk8Q
DA:116,1,B/Fo9U4/nMeRNS1JjGZVyQ
DA:117,1,vaYS+hRb+p3HpJwy3SBsIA
DA:119,1,WySMWIe1FaOuob/NWr+P5w
DA:122,1,wTbz/v5ce8N4x2zrcH1haQ
DA:123,1,Zbe0OI3/MzJfPqlvLv+l6w
DA:127,1,B/Fo9U4/nMeRNS1JjGZVyQ
DA:128,1,FJFTLgDRU3I6tfjPTZm0yg
DA:130,1,WySMWIe1FaOuob/NWr+P5w
DA:133,1,qeWwin16Sh8jeY6JPboLOQ
DA:134,1,FEULawXyUK1r/zwAmTzSbA
DA:138,1,B/Fo9U4/nMeRNS1JjGZVyQ
DA:139,1,jeNdDa4I2aJiTcCBO8XGvg
DA:141,1,/wDeUo2H6fQg+LuBg51c2A
DA:142,1,d/V9G9xqjrA9pLUNJhYXGg
DA:158,1,CvMchB0AwTu9ZkfDjbuBfQ
DA:159,1,2ysX4Ea7/3K6UBxgO9wGFg
DA:160,1,ptWYsVxJuI+iA3bPWoXA9A
DA:162,1,QkOOwK7dpLoBfzEWPshOFQ
DA:165,1,OeVdXZC53iPausMhNXrGeQ
DA:167,1,tcdJ6gNFbRXrfWOV/5Mcyw
DA:168,1,u8eSIBeOTqOwO6kRnJoh8Q
DA:169,1,+kPQtOvWnqDqXZ6aGaSOqA
DA:170,1,pZFLY59tR2+HuAZ4TBERsQ
DA:176,1,dh1WzfNInubOikYP2XrHlQ
DA:177,1,dAe/9xHwkluvdNVJu7fbkg
DA:178,1,f9RJ5x92w6Wo3WKZP9Jb/g
DA:179,1,XfJ3H47k+fpJdQBAdi3ymA
DA:180,1,LboJ+cTav/RR8WGkCIp11A
DA:181,1,JE3jPOe6WuWcgg9fclhXiQ
DA:182,1,52wVgzJrJUMJc3YXmxtJAg
DA:184,1,r26vR8ncrpu9AXsdh4v7FQ
DA:188,1,xvWIcpcyNr0gyGcTkdMxXw
DA:189,1,nPe8sIrK1DpKb0J9NcoCfQ
DA:190,1,qxNs1cLelSqiW0lo5TxLTw
DA:199,1,F25WyscUxUeYraJWFZeZTw
DA:200,1,osj3AMjHBEsH8N+lRgFKZA
DA:201,1,UIKcEHzlNrBPtGw9aHL+Ew
DA:206,1,wsTQuVax5UaSdZEdF+Dbsg
DA:207,1,fSqTTCvPTrK3tsqwNLo0QQ
DA:211,1,lt4cqAaQbqIRKTL/S0UvKg
DA:214,1,EYfNVxeJBUZugAQHTw7jNQ
DA:215,1,81iMss8CvMeMkGX5oDSZjg
DA:220,1,BLRIcucYb2bfKxWoPKXE1w
DA:223,1,oGAI5yGbW35mAMBqMkAyZg
DA:224,1,WxUzUNDVM/+N4AjA9QxtsQ
DA:225,1,aZNf6NaySdxmVF00pUpeYw
DA:227,1,SCSMMtDQ43osW2sFNBYaFA
DA:230,1,haOdzev4b5zCfsR/895Kkg
DA:231,1,8hpWxOn2VNi1pbi+w4qkIA
DA:232,1,JN6+Ql6bM4wWGEMpS/FvBw
DA:233,1,u8WZ6ckITFnriOgQGlan6g
DA:234,1,vJP1bog3trfN0v6xPynnqw
DA:236,1,m9cPNKag9K8bty0O222TTg
DA:237,1,J59NnR3eSaQfqCi9TLxD+A
DA:242,1,RjdTIG3p81F5Zq8yhjwpag
DA:302,1,NPrTuYsLQ+QyYfuw+LytQQ
DA:303,1,sagtpEY4rhiWcZYpSMYlpg
DA:304,1,DpKOjjFuAEBDL0x9kJkNqQ
DA:307,1,5qBsCbGdlWkvNHudTTyy9A
DA:309,1,RAJ+L9KabLO7y04PFX6WTQ
DA:310,1,1vFahhVKDzY/2aZb4cX6lg
DA:312,1,HlGXWXFeE7yflcJlBEKMGw
DA:314,1,xYwrFdoSfcR0/jILu+DADw
DA:316,1,kq66fJ+27soqRXz1e7cnVA
DA:317,1,Ognk96MRCd1UKaGuN67z+w
DA:318,1,fmJQxKSvoVICO4+c/dOhgw
DA:319,1,hKtkhrAEKahsxcl0LZbtkg
DA:320,1,ReHllJ+2RTd2zPJBAPkg/g
DA:322,1,3vvgd1tEfVLdwi+afn5B4g
DA:324,1,35UApgNp3kiKlkoLaRs8gQ
DA:70,0,wWvyVCzDRWfTVXhFZNNl1w
DA:76,0,dLlEJex3vJKgjmVZVIZnFw
DA:85,0,wWvyVCzDRWfTVXhFZNNl1w
DA:98,0,xBsLOPa8DPR7MSeJA82BtA
DA:99,0,wWvyVCzDRWfTVXhFZNNl1w
DA:101,0,MWlhOMwMp8UpYX+UhWMTbQ
DA:120,0,roLmt7Jd50FoIM2xUzZPDw
DA:124,0,xBsLOPa8DPR7MSeJA82BtA
DA:125,0,wWvyVCzDRWfTVXhFZNNl1w
DA:131,0,bOlnAl6zVwsS+84LXo68Xw
DA:135,0,xBsLOPa8DPR7MSeJA82BtA
DA:136,0,wWvyVCzDRWfTVXhFZNNl1w
DA:143,0,xBsLOPa8DPR7MSeJA82BtA
DA:144,0,wWvyVCzDRWfTVXhFZNNl1w
DA:146,0,B/Fo9U4/nMeRNS1JjGZVyQ
DA:147,0,Q/MgwLdTp9h96Faz+LYDjw
DA:149,0,ZshnyXmIzxwvowSg56lUBQ
DA:150,0,ybXkpoHgoNzo9o0HtTGqCg
DA:152,0,xBsLOPa8DPR7MSeJA82BtA
DA:153,0,wWvyVCzDRWfTVXhFZNNl1w
DA:155,0,M9z5Ep9KQmHebYu8n4lWkw
DA:163,0,0t/ex8gXb+9b/3PF9zpREw
DA:205,0,Rrkz/Jrrn1dFixxE7fz6ag
DA:209,0,bdrLUY8pXfSLhIPz0xWvRw
DA:228,0,1RPxQQQxD+8k0PGy8sJnPg
DA:229,0,1LIrNhduwKJ6rO+lLV84UA
DA:235,0,/hPBThCeTnFLLQAsT3S+pA
DA:239,0,i/ILhBeCgUZsfeTog5kcPA
LF:153
LH:125
end_of_record
TN:
SF:/usr/share/miniconda/envs/test/lib/python3.11/site-packages/exactextract/feature.py
DA:1,1,7Z9Lj4ed27Wf2hBX6jooEA
DA:3,1,Uzujx2bo9yCPHlDE35pveA
DA:4,1,AnTW7GZgLa1tXtRHP4B56g
DA:7,1,0KOvfddRPBB2gIMLZa3a7Q
DA:8,1,/ZvqiDY7XVzMiSFdpC6ZCg
DA:18,1,gFdnwIzxJ64X+nD2UauP7A
DA:19,1,WOwJxA6R7uUewE816b2YBA
DA:22,1,KNJlrFiPUcUvO6KN8KYU0w
DA:23,1,/ZvqiDY7XVzMiSFdpC6ZCg
DA:27,1,xuCs6DPH+h4KnxidQaQ0cQ
DA:41,1,WOwJxA6R7uUewE816b2YBA
DA:43,1,9ZKr4Ohz5pW7Fyg+wNrOXw
DA:48,1,xjcDBnSwra0OiNOAYAwoHA
DA:49,1,888o80P2MNg+l1W+cdaN8Q
DA:50,1,TulZRDVyZgwaluSyPp9m8w
DA:51,1,pijJWeuyzPg0KzKzefWuoA
DA:53,1,98282hhQ/Xf09eiKDkA13g
DA:54,1,oqILoJzMMCk6QR9U50GsIw
DA:59,1,QWJTBcKm4Pk5Xfo9mBMQwQ
DA:61,1,14/FJ08LgnjasFiR9+VXyg
DA:62,1,Xuvt/sRtPStx5JUdkxm8jw
DA:63,1,19ct44DWrJzQ5Int/J2QAQ
DA:65,1,CjhzJHcKHFlL6PEzGmhwBA
DA:66,1,x67r1F5iq7K7K0V/wyCHPA
DA:67,1,itpiLSUAFtt9wa9bq/AlIQ
DA:68,1,SOi2TxRLvptItw2chWJ8aA
DA:71,1,9n8GLvJdJXGLfPDUXZ7bkA
DA:72,1,/vGyyOGWM1bB1Bhb+0bChw
DA:73,1,C3VU5x8kdxKSqkkbjq6hLg
DA:74,1,ilrDB8DW5wbz4JQovfJnoA
DA:76,1,CTAhXCqrrbOR8xD7DfG9ag
DA:77,1,8Qh0Nv/8RG14s+8W7Fjvmw
DA:79,1,pn+qWfdtnFTUDr2wcOekVA
DA:80,1,XTHOfYG35qlWWObbx315Gw
DA:81,1,MnzpXe1veqpfA7nIMRo0OA
DA:83,1,X+dQBxp6ESIfjtSCLTn44A
DA:85,1,gnCn5/0TJ32a4nGZEdlzWw
DA:86,1,Ak9jjj2OjX5IR9KTb0wofQ
DA:87,1,ktpjhldwB1ddLwLmp+Seqg
DA:88,1,BxM2QJbmminANIOVHGA9Hw
DA:89,1,/rhMbI+0JVZ4aG+DpbIalA
DA:90,1,0lMT1hYsOBVhMA/DrY5/Tg
DA:94,1,2lVPrKB2Fxq+h1TMjH41fg
DA:95,1,T4Xg7XSlU6JcsT8BLqMvlA
DA:97,1,CcVB4HWbepGNf0saHEBOcg
DA:98,1,wKzjJPKccnUoaU49Y6wj8A
DA:100,1,0aDVKBlfjAzLHmxSK+oeqg
DA:101,1,2jnMkpg9TBsHmEFus2ZYQQ
DA:102,1,hyygP55aj/5UpLDd4Od7NA
DA:104,1,IOt+hRy7tny0/f4se2JYCg
DA:105,1,EIkWmQXT4MBTSUZRo1nbVQ
DA:109,1,JZkX3fNSID50TVR1zie3hg
DA:110,1,CyvkyLbxFzqXaolWM56HSg
DA:112,1,758RWC/Khvx3IHNfNACjOg
DA:113,1,iQTQQ5EMmBCRQF9IUV7roA
DA:114,1,yutl4d20zNL7rjYgcfMppg
DA:117,1,kkflvs+6bI8pFPw8uMM4fQ
DA:118,1,/ZvqiDY7XVzMiSFdpC6ZCg
DA:122,1,2nWwhlnvYLHUE4E12g7l3g
DA:123,1,WOwJxA6R7uUewE816b2YBA
DA:124,1,bWXziKENz7wtXZmmukP0TA
DA:125,1,CatnzRWNI4Laafzs6ZN3sw
DA:127,1,pijJWeuyzPg0KzKzefWuoA
DA:129,1,zRqtjasMGN1AuA1z8My5GA
DA:131,1,14/FJ08LgnjasFiR9+VXyg
DA:132,1,Xuvt/sRtPStx5JUdkxm8jw
DA:133,1,PgT25LTdKcSSkQ6VzFi4sg
DA:135,1,CjhzJHcKHFlL6PEzGmhwBA
DA:136,1,QNZ15dMw8VgV/du6p0/d7Q
DA:139,1,PW/EH04sJLjBqnWUf/uBRw
DA:140,1,Hc/D73t6L2CWqqqPSx434A
DA:141,1,C3VU5x8kdxKSqkkbjq6hLg
DA:142,1,p38pRg8LK0Oq5yncrE5gWg
DA:143,1,QgStsw4rF/yoQ3FmAG5igA
DA:144,1,Ra1F0EqLKW6hMYxFAyHAsQ
DA:145,1,h2vvUUpqiXvjhoaOtQz1kg
DA:147,1,cVn88JX4uahQSpfEiNx80w
DA:149,1,CTAhXCqrrbOR8xD7DfG9ag
DA:150,1,k/feKEONFhk3Wmr1fEE1VA
DA:151,1,3t+oMIN088LpX/k0uhKBGQ
DA:153,1,+eWIWXx+8dwKuKH8OIKWbg
DA:155,1,2lVPrKB2Fxq+h1TMjH41fg
DA:156,1,k/feKEONFhk3Wmr1fEE1VA
DA:157,1,t385QueVV56mMicO9sXOYw
DA:159,1,D8TH8tbv70ck7dJ2r/kQcQ
DA:161,1,CcVB4HWbepGNf0saHEBOcg
DA:162,1,kLos9XlRwF2fteBJuQB8mw
DA:163,1,szG7AzYCsSLqnsPYGzjpCw
DA:165,1,BH2mYdlwsmpC0AGbkp329Q
DA:167,1,rbPZNE/Iwah+2QU/ciJV/w
DA:168,1,zCcrZHlGKKNd3E5JqztpcQ
DA:169,1,szG7AzYCsSLqnsPYGzjpCw
DA:171,1,Gi8k+fSQGfLjk1LVsyRyTg
DA:172,1,AHlsOoqp7yTGVxF6kcz/6Q
DA:175,1,JZkX3fNSID50TVR1zie3hg
DA:176,1,dB44FHAWP86kuZoBf/aFTw
DA:178,1,758RWC/Khvx3IHNfNACjOg
DA:179,1,aZZTWwBKMy3tpASpbgthvA
DA:180,1,y8ODtvvCUEY/TjPm3n7Bzw
DA:181,1,lilBtvUI09Zy7orMudrzyg
DA:182,1,7kEj056y9XdGLJCRg+Xrlg
DA:183,1,+hmUu55Ucly0fwu0HjbHUw
DA:184,1,1Li93pseUgaEmJsxOXh6QQ
DA:187,1,8TVeeCPBAVt08d9d8R5+Iw
DA:188,1,/ZvqiDY7XVzMiSFdpC6ZCg
DA:192,1,xuCs6DPH+h4KnxidQaQ0cQ
DA:193,1,WOwJxA6R7uUewE816b2YBA
DA:194,1,yhkP97wamRy00a7KWBfWmQ
DA:196,1,14/FJ08LgnjasFiR9+VXyg
DA:197,1,RFFh/MyPJZIDvsWIsvqJ5Q
DA:198,1,PgT25LTdKcSSkQ6VzFi4sg
DA:200,1,CjhzJHcKHFlL6PEzGmhwBA
DA:201,1,/uRuUecC+/PKzzr42JKXkg
DA:204,1,t/t1xTDZqPf0bMRK0bCtFA
DA:205,1,Ce7pIRDZLLCtVCxt4cKDNQ
DA:216,1,CcVB4HWbepGNf0saHEBOcg
DA:219,1,2lVPrKB2Fxq+h1TMjH41fg
DA:222,1,758RWC/Khvx3IHNfNACjOg
DA:225,1,0aDVKBlfjAzLHmxSK+oeqg
DA:232,1,JZkX3fNSID50TVR1zie3hg
DA:235,1,CTAhXCqrrbOR8xD7DfG9ag
DA:243,1,KxgaGtJPkScc4OG7mJ59vg
DA:244,1,qhnlJj/gqMJ1MFHX/O5Y4A
DA:258,1,dt+ztAbxT1wGYTd1Heqf0Q
DA:259,1,xuCs6DPH+h4KnxidQaQ0cQ
DA:263,1,14/FJ08LgnjasFiR9+VXyg
DA:267,1,CjhzJHcKHFlL6PEzGmhwBA
DA:44,0,hyygP55aj/5UpLDd4Od7NA
DA:46,0,pkfKca0RXHQxCSD2fEiBGQ
DA:55,0,r26vR8ncrpu9AXsdh4v7FQ
DA:92,0,s/Efn061surWoXU3nqyTKw
DA:106,0,Qc3riGWWPdEn6XzwWuGKHA
DA:107,0,rCnGtgUk8KyB72JXAjZVAA
DA:173,0,+ovoH6DeRZGUeWuIsIw84A
DA:206,0,WOwJxA6R7uUewE816b2YBA
DA:207,0,N3VSCsynQSrsh8IsACTHxQ
DA:208,0,jVvvNwRGCXLUcSygy0Al1Q
DA:210,0,AYW67R1RaDtfN6B88EsqgQ
DA:213,0,CD2VCOGqW1fOKiq00cPv6Q
DA:214,0,wGIBBa9V5R9434BJgXxE6w
DA:217,0,lrooiLjosSJgAu4s+JADRQ
DA:220,0,cdCsfRD+MVmEi0VScSn9JA
DA:223,0,zQS4kRxjpRXQFzJUhNH7YQ
DA:226,0,ZPDUHxkQonkj6K3kfQRruQ
DA:228,0,YjUP41tg5sx1astaR6DaKw
DA:229,0,RQymZ+z+3QIFhmAGoZOgjg
DA:230,0,NCJYEjx/mkyVpoQgaIpFbQ
DA:233,0,CyvkyLbxFzqXaolWM56HSg
DA:237,0,X+dQBxp6ESIfjtSCLTn44A
DA:239,0,lXuw8dnZTtH0wemE+IS0kQ
DA:240,0,nn7JnupPJzH5VA2M4+LXIA
DA:241,0,VOvj6/NcXQOU0yR9awv3og
DA:245,0,k+G2/ni/R5HZVu5UdHfdMQ
DA:247,0,X+dQBxp6ESIfjtSCLTn44A
DA:249,0,nibO2ad9yifF78ZK+75p8g
DA:250,0,XEPFMJyHnz8cK180++SABg
DA:251,0,lF/MUtzgLqLRbGflahMJjA
DA:252,0,307ERZI/CMglELu3l0KS8A
DA:253,0,Oguv06JujUwkgBhJioISsw
DA:255,0,vBCk9lJS69wNLIDZg/uJFg
DA:260,0,WOwJxA6R7uUewE816b2YBA
DA:261,0,yhkP97wamRy00a7KWBfWmQ
DA:264,0,u69uyxA3PeyrcXX/AEwyRQ
DA:265,0,aBvzQg+8/T639dPlIdyCcQ
DA:268,0,jylQSEbSvduRv4OwRQzjNg
LF:161
LH:123
end_of_record
TN:
SF:/usr/share/miniconda/envs/test/lib/python3.11/site-packages/exactextract/operation.py
DA:1,1,ydCxunymauVRdfWlNGpIBA
DA:3,1,zzPDmRA88e66fMjz0v8oFQ
DA:5,1,HWBBxlg8aoYzXkH+9u9G7Q
DA:6,1,qoc/B3dzQmqsuJPk/V9dyg
DA:7,1,pfyH/RJbSQvnoDW/IJMWFQ
DA:8,1,I6WlgejGt9Gy3EEFvbuRuA
DA:11,1,vqxTkaOBi3TJj3hkhFWSvw
DA:12,1,/ZvqiDY7XVzMiSFdpC6ZCg
DA:20,1,4LgMgWBGno1n5MNJ8WRFsQ
DA:39,1,5osiI19W39FuNphdvJFdiA
DA:40,1,dbKAWCxvua0je/cxCCTRKg
DA:42,1,plBFkuszRSRlLdefBN4n9A
DA:43,1,VaxUKqejySroMLPhPCz6rg
DA:45,1,9HxgyMoIVDFlvU9WDgqffw
DA:47,1,8GND9VE1AjpXiW1d1n+fQQ
LF:14
LH:14
end_of_record
TN:
SF:/usr/share/miniconda/envs/test/lib/python3.11/site-packages/exactextract/processor.py
DA:1,1,B8a+GdBqjsfwdB6ORSEt7w
DA:3,1,U3mnb/knLI5rebs0l4RwoA
DA:4,1,JSL+Zcom5dwHE/nkphc28A
DA:5,1,2gkGGzkwcYnTPepjX3lY/w
DA:6,1,pvGXVv7o8XTgYHLW+vM9gw
DA:7,1,XA+j/ZWagKaR2uuExikBzw
DA:8,1,IbX1Fk/A2pUQtuOjUo2cCQ
DA:11,1,MOPPDQuOyg9SdqAkS5OTCw
DA:12,1,S2lg0OcAiAty7M+giQkKHQ
DA:14,1,4LgMgWBGno1n5MNJ8WRFsQ
DA:29,1,G8Qf8C4yyQQ729/n1L9y3w
DA:30,1,U8QVektN55P6w4VunVORxA
DA:31,1,ECT2I5s5ShTiw8TrGnZMlA
DA:32,1,uRnburKcYw8O+GzLbGv5aw
DA:33,1,gOCAU4o9O36h6Ti/fJpteA
DA:36,1,0KpNtgkxa5e8iIKQ9NvCJQ
DA:37,1,ZYqWcdFOgYSi58MmMxx6Ng
DA:39,1,4LgMgWBGno1n5MNJ8WRFsQ
DA:54,1,G8Qf8C4yyQQ729/n1L9y3w
DA:55,1,U8QVektN55P6w4VunVORxA
DA:56,1,ECT2I5s5ShTiw8TrGnZMlA
DA:57,1,uRnburKcYw8O+GzLbGv5aw
DA:58,1,gOCAU4o9O36h6Ti/fJpteA
LF:21
LH:21
end_of_record
TN:
SF:/usr/share/miniconda/envs/test/lib/python3.11/site-packages/exactextract/raster.py
DA:1,1,7Z9Lj4ed27Wf2hBX6jooEA
DA:3,1,IWWjrCeOtk8NNtrE95++2g
DA:5,1,TRUEW15Bg+IAg6biWN8nyg
DA:8,1,xoIg62rQS6VLOuy8/UbCFQ
DA:9,1,/ZvqiDY7XVzMiSFdpC6ZCg
DA:21,1,gFdnwIzxJ64X+nD2UauP7A
DA:22,1,WOwJxA6R7uUewE816b2YBA
DA:25,1,TsTqB8m5pe8iHx1kpauC5Q
DA:26,1,/ZvqiDY7XVzMiSFdpC6ZCg
DA:30,1,A6BUZ8qB5l6IP6iSWCvjgw
DA:38,1,WOwJxA6R7uUewE816b2YBA
DA:39,1,PHTc2M4mJiA5sLH/8GN/vA
DA:41,1,Jz4jSWZ0V4F7QMn6XGVg8A
DA:42,1,FN8v/wdteG3hLwNVQLs53w
DA:43,1,7xuuno5a12ggcl0n5TQEng
DA:46,1,yZ6g8xDeiR6YCBXJxZMIzA
DA:50,1,FUciGoty9Bpgfa6twf/rIQ
DA:51,1,c3sKgOdCB06vQ30+KkjmmQ
DA:52,1,azJDqfG0vYkeMuCj9Af8xg
DA:54,1,HfndEXYuw82OLVnwKrGt3g
DA:55,1,zTbPGpLo+Q1Le+TWaEmMpA
DA:57,1,ja0A/fhvXDkn4e/lmy5btg
DA:58,1,gnny0mBZXE5OzvdW0/wxlA
DA:60,1,N4GoJspB49xrrxGKFHEVnA
DA:61,1,FUciGoty9Bpgfa6twf/rIQ
DA:62,1,kJxVTY05wm5xjC4wcsZnug
DA:64,1,P6d3bGKjFtLv+JMsFgv8DA
DA:65,1,FUciGoty9Bpgfa6twf/rIQ
DA:67,1,rmd/Lk+VpWyTQqjB92p9hw
DA:69,1,96IgSKczUSJqqWhnhhT4nA
DA:70,1,gxNt15A8xMf9BQccH+2oTA
DA:71,1,j/IaMYfp31katfbrN51qPA
DA:72,1,bKE9oQcp+yGBmvBLN2sT5Q
DA:74,1,YibgyXPjAeJq7rMIjb9F5Q
DA:76,1,v6tHszvi2mYvSwQs/CdOYQ
DA:77,1,T4s3mkfWWk9EBQaCOSDy2w
DA:79,1,60Ytseae0+jDABRdwFk4vQ
DA:80,1,+EuWoRM5DDmJEBYFefsXsg
DA:82,1,2n8iQm6zRYLjMKOclCPprQ
DA:83,1,dYDVh8I7TpHrf7wA+XLuKg
DA:85,1,p/I89eqsG7umlX42SXlK5w
DA:86,1,gsdSuPfJ+VUsMR7+vCS+BA
DA:87,1,CBWbwzTIw3Kg/Q3f7tJmNA
DA:88,1,FUZmqpGihPH2gI4tfdwQ5A
DA:90,1,5B/lEpQCD9kKOW3baPj/Jw
DA:91,1,gsdSuPfJ+VUsMR7+vCS+BA
DA:93,1,QI86nWFgU+vIUPJec6uUDg
DA:95,1,r/POCIxCeW+kXRNzyrikBw
DA:97,1,CjhzJHcKHFlL6PEzGmhwBA
DA:98,1,Vez4ElM+TKu6IwjLW991ww
DA:99,1,2aZXcuPWjJ+fjOcsKafFBg
DA:100,1,AgmDc0mO8baUPU8qMJRBpA
DA:103,1,lhsE/X39qMMLHW0n7x7Wfw
DA:104,1,/ZvqiDY7XVzMiSFdpC6ZCg
DA:108,1,4LgMgWBGno1n5MNJ8WRFsQ
DA:136,1,WOwJxA6R7uUewE816b2YBA
DA:137,1,Vw15Lax6BRuj0t3rjEaIqQ
DA:138,1,EzK4pXvlaBgfZqRJcWK5Ew
DA:140,1,Wl8QKhyGzo/YM6B2JCBTXA
DA:141,1,bJac5+IdCgqLTEu8bvLAjg
DA:142,1,KNZ8S5WVowiQqe4vBUI2GA
DA:144,1,X3VPT18wN9RV6MP9CVttgA
DA:146,1,ja0A/fhvXDkn4e/lmy5btg
DA:147,1,gnny0mBZXE5OzvdW0/wxlA
DA:149,1,N8Tf1a8AELJaqtLxo6wNTQ
DA:151,1,N4GoJspB49xrrxGKFHEVnA
DA:152,1,2am0fVcG49iGFI6MY8sK9g
DA:153,1,779XZR7ptq3xYqoH2kBaWg
DA:154,1,4nTJUXhBcjsUqYR6B4Xn+w
DA:156,1,FsWM7LfPw+/7GXqL/pUA2Q
DA:158,1,CjhzJHcKHFlL6PEzGmhwBA
DA:161,1,P6d3bGKjFtLv+JMsFgv8DA
DA:162,1,P2lsn6uqjnhE3evrO/u0MA
DA:164,1,v6tHszvi2mYvSwQs/CdOYQ
DA:165,1,jEIfBcms4AkUMaJWuylebA
DA:167,1,2n8iQm6zRYLjMKOclCPprQ
DA:168,1,24mS/Wi3MQFVxyouEUth5A
DA:171,1,0WYeAjaT+wTc7tyRZQkeRQ
DA:172,1,/ZvqiDY7XVzMiSFdpC6ZCg
DA:176,1,LdRIG1nOMOXxM7Lktg98uA
DA:184,1,WOwJxA6R7uUewE816b2YBA
DA:185,1,Jz4jSWZ0V4F7QMn6XGVg8A
DA:186,1,oXyxJL2MNwB8vxxeBQr+mg
DA:188,1,4/dYAahDlu6vBVipTWBvOA
DA:190,1,7xuuno5a12ggcl0n5TQEng
DA:191,1,6dwhu0R9aPSEX+RxZjNHhA
DA:192,1,hrbxQH+N8HwRf/xY5ZmcHQ
DA:194,1,/rQMgPMQHAqFcgZsSSmtew
DA:195,1,c3sKgOdCB06vQ30+KkjmmQ
DA:196,1,azJDqfG0vYkeMuCj9Af8xg
DA:198,1,ja0A/fhvXDkn4e/lmy5btg
DA:199,1,gnny0mBZXE5OzvdW0/wxlA
DA:201,1,N4GoJspB49xrrxGKFHEVnA
DA:202,1,ZmWQXUGX5PR5PLEF8ZQLFg
DA:203,1,Pf0Pcr1ju+BAWqqLI+DTlA
DA:205,1,FsWM7LfPw+/7GXqL/pUA2Q
DA:207,1,CjhzJHcKHFlL6PEzGmhwBA
DA:208,1,hGbeh5R36KEnZfjJOyu9DA
DA:209,1,2aZXcuPWjJ+fjOcsKafFBg
DA:210,1,FeVfhg+9jUU5dxryhRaBbQ
DA:212,1,P6d3bGKjFtLv+JMsFgv8DA
DA:213,1,Kifp9+fUlytHiLtgHYXtuw
DA:220,1,v6tHszvi2mYvSwQs/CdOYQ
DA:221,1,VcF0388+b2Gt1gxz2uCojA
DA:222,1,1eAtecY2eJEYMKTSXTa+aw
DA:224,1,2n8iQm6zRYLjMKOclCPprQ
DA:225,1,YNVabBJQAEDKY5JsmjiCdg
DA:227,1,yKI8lkYf0fdWYKERHjwG8Q
DA:229,1,lA3C42P6UuSyhVnIpkkAKw
DA:230,1,fz6KetRDdRllFRC9iKu/Dw
DA:232,1,zT3q9Ito6xkyAv/9vBNrBQ
DA:234,1,DP07t5HXtAARfM0q6cnyyQ
DA:235,1,gsdSuPfJ+VUsMR7+vCS+BA
DA:236,1,CBWbwzTIw3Kg/Q3f7tJmNA
DA:238,1,DbZRL0ueK5Mvd+eVe7Xhqw
DA:240,1,r/POCIxCeW+kXRNzyrikBw
DA:243,1,5BjZHdUdenu5mlKWUAidtQ
DA:244,1,/ZvqiDY7XVzMiSFdpC6ZCg
DA:251,1,LdRIG1nOMOXxM7Lktg98uA
DA:259,1,WOwJxA6R7uUewE816b2YBA
DA:261,1,Jz4jSWZ0V4F7QMn6XGVg8A
DA:262,1,nPbfNWTJx0e/UdG8Mnt0Qw
DA:263,1,T3+u99ji8WXrkqp7QJksGQ
DA:265,1,1VK1lpCfWMk+IdY+VliZUA
DA:266,1,atSLnEawHmSxokOZBAwYug
DA:268,1,7xuuno5a12ggcl0n5TQEng
DA:269,1,lGeBxPRGaLMtM3h12Orugg
DA:272,1,O0UdaiiTRSFVo8J0JMlwbw
DA:273,1,6dwhu0R9aPSEX+RxZjNHhA
DA:274,1,sW5BSgI53YHAwOiOq6bN9w
DA:275,1,kurxVQV0+BQbkJYQvXpNjg
DA:277,1,ja0A/fhvXDkn4e/lmy5btg
DA:278,1,gnny0mBZXE5OzvdW0/wxlA
DA:280,1,KxgaGtJPkScc4OG7mJ59vg
DA:281,1,erMtEWq1LyDWky8htULgeQ
DA:282,1,bt7SV3qo0JMRMJQw4W/6VQ
DA:283,1,yFA0KtrcrAB4m/x5kpQgGg
DA:284,1,E6bTvHMpcyS6YWsUe5bYcg
DA:286,1,wy6OKwBNI2DdqqNyySJTow
DA:287,1,Dwjd91USmMoWKfkSCVg/jg
DA:288,1,a777RZ8fNMtV56rQEUPyqQ
DA:289,1,gb6m1GKkDBF9SlAPNjJP7A
DA:293,1,CjhzJHcKHFlL6PEzGmhwBA
DA:294,1,bSzgoSWKVnCgrBdAeep3dQ
DA:295,1,2aZXcuPWjJ+fjOcsKafFBg
DA:296,1,FeVfhg+9jUU5dxryhRaBbQ
DA:298,1,N4GoJspB49xrrxGKFHEVnA
DA:299,1,4o+g9CD8DoTyh6ZP90VqNw
DA:301,1,P6d3bGKjFtLv+JMsFgv8DA
DA:302,1,8wFRp9YUSjIDLt++qsDkuQ
DA:304,1,v6tHszvi2mYvSwQs/CdOYQ
DA:305,1,OPUVmzbBMGp+cTCz2VlHlA
DA:307,1,2n8iQm6zRYLjMKOclCPprQ
DA:308,1,OFA779dx++tgOpkjHBXb6Q
DA:309,1,YL8GfltjOYjmYbgqhXZdoQ
DA:311,1,ogMqYE0BnvVgK02ggZeiYA
DA:312,1,0U6sW3qnBrFwPJvolbPQXA
DA:314,1,JcFeN2ThCVDJP9ixcrJfTA
DA:315,1,eQGg232Uu21yjjAEueAKEg
DA:317,1,a9tN9DigjuXXS4YD0atWBw
DA:318,1,G77GKdAanoZS1BQncQvmaA
DA:319,1,N+JaL2LqHHMF+8psZ6+jWA
DA:320,1,1nECAylN1qCas2r99xwWhg
DA:321,1,B7mVCo0FRf0jUeZ9du4Yig
DA:323,1,MyFSMq1Ir3DQR1G1SnISsw
DA:325,1,JcFeN2ThCVDJP9ixcrJfTA
DA:326,1,JqX3hkCMOE/ue5OMwTZJhg
DA:328,1,ajyHXZZg/aX+4lh+kfLExQ
DA:47,0,VHnDUo741hcUZM5IMSqZCw
DA:92,0,CBWbwzTIw3Kg/Q3f7tJmNA
DA:159,0,hrjrYzFXqJsSduXGbJT1Yw
DA:291,0,pGOO7dy/4pI/Ltg6NQFv5g
LF:167
LH:163
end_of_record
TN:
SF:/usr/share/miniconda/envs/test/lib/python3.11/site-packages/exactextract/writer.py
DA:1,1,2/+ysJB2BBzVWbseKUaEjQ
DA:2,1,7Z9Lj4ed27Wf2hBX6jooEA
DA:3,1,ng5g+0nFxQ8PVSi+LrtM6A
DA:5,1,IRj/BvqVT0i/xWUHeC/v8A
DA:6,1,k2acz6D7aDmdC1Q6tzr+9A
DA:9,1,p6UmDjNhKGPZmtBvDKV2RA
DA:10,1,153P2Gf+b/WhegN1MHF9cg
DA:12,1,gFdnwIzxJ64X+nD2UauP7A
DA:13,1,WOwJxA6R7uUewE816b2YBA
DA:16,1,wp03kWyJP0HdPpj0sK+0Nw
DA:17,1,/ZvqiDY7XVzMiSFdpC6ZCg
DA:21,1,4LgMgWBGno1n5MNJ8WRFsQ
DA:39,1,WOwJxA6R7uUewE816b2YBA
DA:41,1,OCiAIlxrnN2jGj2nOxjw3A
DA:44,1,f79A3UHdLUQMCl8oqRxazw
DA:45,1,BAma5sxGPnrbU6fZQQo4RA
DA:46,1,zgEd1ap+AR7L5K86RoKrLQ
DA:48,1,+2jgMtvb6qUTcN3bYIm/Hw
DA:49,1,Q3ENzp0uTacYj9UQ508gqg
DA:50,1,5Uzi2v/yOiWJuBYWrHq5eg
DA:52,1,Q97xFmwTaC+/sd4zy2ZEMg
DA:53,1,68e0RX9fWhltQT2vKLm4kA
DA:55,1,bDhXBKTGp9TC9RiE84fn6A
DA:57,1,dctqnibgT2r/rKKOS/84Sw
DA:58,1,E+ioxjg+jvIgtQzRzI0+0g
DA:60,1,FpG8ZUxOBK4XnjYeu44NMA
DA:61,1,K2BbLhICqBzWUTovwXXKcg
DA:63,1,nXk6zdBoaz3oeZ63u3/aUw
DA:64,1,WJxIpy+gf2Hwo62Mc/6olA
DA:66,1,6JTyqu1SEYHYCbPvyCGZ+g
DA:67,1,fxROSYwIhvPjgR3gE9c3dw
DA:68,1,R8gMjXJwlL30ttVjQdotDg
DA:70,1,3QKZinxRb4S3UsMvc8SZTA
DA:71,1,K2BbLhICqBzWUTovwXXKcg
DA:73,1,JpMbPjUiCNFp/SBv00Dcdw
DA:74,1,Hiw7myfMj3osDh0PpUwe3g
DA:75,1,wiOA1hJVok51wm3QCFuPyg
DA:76,1,O+m/YTQ99Zhe3A0W1X6ehA
DA:78,1,Z6yJK4D8clGNmZ360I9H8Q
DA:80,1,gz2yXWy1Hb/dJb6HipgqGg
DA:81,1,HQUvHw5lrg20w9hfkRCliw
DA:82,1,l1drBlfFbFTTg075q7W2Uw
DA:83,1,XEtPyOS9OdF9l6dIrLD1ew
DA:84,1,3yTkUNbbqhBjHwStZZ8wzA
DA:87,1,CR4hqNN9Xc49tsVo7C0Afg
DA:88,1,8BAeRGn1tlLTuIIptEcy8g
DA:90,1,/jXcBWSU/4KZngJwpe6K6w
DA:91,1,WOwJxA6R7uUewE816b2YBA
DA:93,1,J+Pzh+VZ4kVqLF8zKMFmFg
DA:94,1,TALRKn0CAE2k/bs1Ztq20Q
DA:95,1,Jwc6juia9bLyAJiKe4wRiQ
DA:97,1,SLgAVPyhGPy+XVXSS6JRyA
DA:98,1,Fbv97fjp0odnO/mbshBSqw
DA:100,1,GpuDlOxP4VQpiisXEUDLOg
DA:101,1,NEmGEQ8BA4o6Eu+ul9Omog
DA:103,1,6M8FIZXthcQ8l7swcGSRow
DA:104,1,fQlwmp3EGxoftzwC7hQZ7Q
DA:106,1,+2jgMtvb6qUTcN3bYIm/Hw
DA:107,1,Q3ENzp0uTacYj9UQ508gqg
DA:108,1,5Uzi2v/yOiWJuBYWrHq5eg
DA:110,1,EIQ2tQ8YrFuneayP5GWtIg
DA:111,1,Qwh55L7Ahp8F2JaNRLGdPQ
DA:112,1,YKmBPARkm8NRhnBGoqZC8Q
DA:113,1,N1muWdsKuGhYU5sW00yBhA
DA:114,1,9VTTPWX61rK4ADby/NRrRg
DA:115,1,XYt0GWozZC1SzVXtQ/OGkw
DA:117,1,EqAxMkr2z2sZSAoEN8HWtA
DA:121,1,dctqnibgT2r/rKKOS/84Sw
DA:122,1,Jx4yYbIZ838w0Oob5uAUIw
DA:123,1,PKV7WOsYsp2NNqLu1ccvjA
DA:125,1,UF7oN3jsbldo0x+TDDxfEQ
DA:127,1,9+xfFrsMSHEICbhyCq7CcA
DA:129,1,9Is1opOYdd5UZ1m1CXHojQ
DA:132,1,BXUhuRwKaurZQdhAcKz6wA
DA:133,1,P3hrtkVrEhMQDgNXLVcaoQ
DA:135,1,/jXcBWSU/4KZngJwpe6K6w
DA:147,1,SLgAVPyhGPy+XVXSS6JRyA
DA:150,1,GpuDlOxP4VQpiisXEUDLOg
DA:153,1,+2jgMtvb6qUTcN3bYIm/Hw
DA:168,1,dctqnibgT2r/rKKOS/84Sw
DA:172,1,gtK1BV8Yx1QB+EUYxZ+uBg
DA:195,1,KxgaGtJPkScc4OG7mJ59vg
DA:196,1,YrMLG9FODZuXtcx7mPJwqA
DA:214,1,KxgaGtJPkScc4OG7mJ59vg
DA:215,1,vqYoPQ60rtSB2WVmwDiBdQ
DA:233,1,KxgaGtJPkScc4OG7mJ59vg
DA:234,1,Ag4OoNMQvXhYPE50W9GJiQ
DA:275,1,ivaU9VV3DeBvf0wAKhJZpA
DA:276,1,wnJy0Tjzpd0FhaJs2R+oxg
DA:278,1,4LgMgWBGno1n5MNJ8WRFsQ
DA:281,1,WOwJxA6R7uUewE816b2YBA
DA:283,1,vaYS+hRb+p3HpJwy3SBsIA
DA:285,1,9r07V7JwV+ZCzY0saWJezg
DA:286,1,kQXJNCtK1otLB4W8eqGEEQ
DA:289,1,ErkMb/Mult3JBTmHSi9LDA
DA:290,1,gdZM0MSRd5AdXPECwRvOHg
DA:292,1,exCurirt3vzxt8R8Es2/jw
DA:294,1,PgjNkW2foGa+bs5DvgNXMA
DA:295,1,LaQ3tc+GRK6bwPWxttxD7w
DA:297,1,HaA3Xz2mUpev0t5kMZtbXA
DA:298,1,0pCPS/qt6GjhQWh3nedBbA
DA:302,1,wOguY93t6BaEHYA8SjKnoA
DA:303,1,t5Co8lWjCSsUZr0hs97n0Q
DA:304,1,Jwc6juia9bLyAJiKe4wRiQ
DA:305,1,GsXzyw+sDCoKN/3TsSU+Jw
DA:307,1,SLgAVPyhGPy+XVXSS6JRyA
DA:311,1,QOgdS0bj4fM6g71/69WMCQ
DA:313,1,GpuDlOxP4VQpiisXEUDLOg
DA:314,1,W0XYiWH3ObDog8LxUXnhHw
DA:316,1,+2jgMtvb6qUTcN3bYIm/Hw
DA:317,1,c2ngIYOrIgVw7AxU7dPQbQ
DA:319,1,NNh/VE78eQ9/+dhxgBSwuQ
DA:320,1,hq/wU4ypSkDRc3bcpUUg0w
DA:321,1,qr63rmCW0jMWLp2oTtXS/g
DA:323,1,YAOeVw5lBPKy0mClfVA2WA
DA:325,1,zty8eLeosk1YAySdhokSTQ
DA:326,1,c0n2mtzb7Ck8krZNnCN/mw
DA:327,1,UW4RXCe2dvx5GdnuIvAswA
DA:329,1,yMbp4RirRIb+s4vWGQp6Kg
DA:330,1,PJYVzogGUx933/chISBVFg
DA:331,1,rB16P9taL9klyOVrLkNScw
DA:333,1,OGsudwGKphTzWQfj77U8ZQ
DA:334,1,lfcLVstJLVqQbCttK1kJpA
DA:335,1,iYkpbPrPd+JsPDQRQ7p8Gw
DA:337,1,dctqnibgT2r/rKKOS/84Sw
DA:338,1,apkQQtiiE4JOuDIBvLOUjQ
DA:340,1,KxgaGtJPkScc4OG7mJ59vg
DA:341,1,/DvZTyJP1H6IMeemLW22Bw
DA:342,1,X+dQBxp6ESIfjtSCLTn44A
DA:343,1,Gy+ohFLAZbUR3CJO+0SmPQ
DA:345,1,P1VrqyZN3SA9z//uR1DKIg
DA:347,1,GGq1qsCoQJ5OYfb5UxTDtg
DA:348,1,5C6C02XCv6/Uyo6ggN+AsA
DA:349,1,OG+/G9FnKpqAoLBY9bFXMw
DA:351,1,D2uRhw6KUbaRWbWJ3DW3Hg
DA:353,1,13y5WJzgjeIjeQh8Sa2ynQ
DA:354,1,yDkpSVWMxHKBa+FSAxn7fw
DA:355,1,zv4QsHx2WZgZMg9wKACTzg
DA:356,1,CX9kanr4BWnpr4jS7BmXuQ
DA:357,1,FLQ21G6pfjMEpQeDXz441g
DA:358,1,FDq4R4/Txjt9UnvxnqnG2g
DA:359,1,RYLX5H5ZEHuBoOGLfer0lg
DA:360,1,VjnJPCfC7uQdGEniP0LGeQ
DA:361,1,wGbtk8e5CHHPTA+9+W7+Jw
DA:362,1,IZvo4t/Zpk/92zqH19lhrQ
DA:363,1,t37bIh0qJ2lPw/bRsaAP1g
DA:364,1,qcbELm7MNyOyjOw6E/X+Dw
DA:365,1,GQ38vPEvi0h9ZT5dpf/Lag
DA:367,1,RUJKBM2jLv4VD4lBRIKk7A
DA:369,1,tk4Fq20iWR77y93mggIk0g
DA:42,0,TZNvQALEfNp+vsEGwBWlgA
DA:136,0,WOwJxA6R7uUewE816b2YBA
DA:137,0,lI2tHYvWYnN1yvr7I7ePPw
DA:139,0,OH/hTLv2V52l2NQgiwcsIg
DA:140,0,SCxAqo7hB1YKVmWxwdfTnQ
DA:141,0,PJM8f0hyTIoy6UwHIfnlNg
DA:143,0,gsb4r+66+UTP12ExktOf0Q
DA:144,0,iGzQ9t1uGTC6yiYSbU3YeQ
DA:145,0,Pup+frWJ8qD9y1Wt1hQ0lw
DA:148,0,Qw9UAPx2a0xMhUv9+qAdVg
DA:151,0,VBaF40DzETk4rAmFsndo5g
DA:154,0,wte0evvtuLkOI6BLlP9OpQ
DA:156,0,O2iJ2K8Y806sK1ZhdC1FKA
DA:157,0,MHYxZK/ORyQ/XZXMqJa9Sw
DA:158,0,FnOLLVl3VfKEBTo4JD439g
DA:159,0,egbbI1o+gCZEnqzdqB/OHQ
DA:160,0,2wiIQR5Wl5Fqj+nf+lZI1Q
DA:161,0,0wbhNfO44hq+eCIrgk9BTA
DA:163,0,wNiYpZcapweZn1QgW8gyDA
DA:164,0,hZhJUGO+iflxY7k5VBpeSw
DA:166,0,uNVmp+il1aQKkaWYB2ANDA
DA:169,0,5dUSurJUeyIEN0VqKHch2g
DA:170,0,fQW1Z80O3iVjlhuu1oiiiw
DA:180,0,NXC/MQU2VMzvm71ny9HuYw
DA:182,0,NLaicKrCQFuXRK2IzKJkQQ
DA:183,0,59H8ZPhPQsmC1YTPZIdURQ
DA:184,0,hezwm732blQwYustKQ1lMg
DA:187,0,B++RZY+3f99GGDu9u0MHiw
DA:190,0,2TAivteJlFbmlleAeMYBjA
DA:191,0,iZuaKnuFEbd5ejnYjOS+hw
DA:193,0,5TMgHT5KzuM6hBiqip/otg
DA:206,0,FfZsUuwSgfRc9Z+LyDyk2w
DA:207,0,0Zxai04FjPDsQW495ApTtA
DA:209,0,hy23EibcYtPKB+QvNzvcxg
DA:210,0,nmaHj7dU10ehqL5j1p7tfQ
DA:212,0,QvDLbZr+6qG0Ur18mtjhVA
DA:225,0,lf57JdZRiOZdcZU+z6JVsw
DA:227,0,nbFRYN8HzMXTKuOfVKvg4w
DA:229,0,FVDuDQIl72J0sZ9IsY4luw
DA:230,0,8Qy8PTB0Wyz58meX1+oY4Q
DA:231,0,lagrXCTxqObKS44jzjZF5A
DA:246,0,grj66VxBdQeTEz2r+yBeJA
DA:247,0,SvHSHE0H7UrPQUDQ54f/vw
DA:248,0,wUAnBWqcCYAWhnXoWvtEEA
DA:250,0,fJmANBwglhuM7dmPF4WZdA
DA:251,0,o+YS9xcHwR7eDNt9UVcFPQ
DA:252,0,3r04tZuHJbeEaODlfntjcQ
DA:254,0,qmzOqovGzkHkpd+0iKYfCg
DA:255,0,KpmIJoaWxYAWYdu+L0wOnw
DA:256,0,NrXMiVk6Fvh4ky7leiUVdA
DA:257,0,CroEXGMZtu1CmhDPQvMLrg
DA:258,0,2ACa4G7YS6ABm9TdvBpF3g
DA:259,0,ydgbK1NgVy6fMu9U8oIXdg
DA:260,0,hbnYAKQrxivfpx99US3W9Q
DA:261,0,3I19+fj1OKFjj/0x0DgavA
DA:262,0,ryOWr6O1OwViXTRJxvQLbw
DA:263,0,ck2FuJ9sqLEjsxLL4M+NIw
DA:264,0,KpmIJoaWxYAWYdu+L0wOnw
DA:265,0,v+UkMV3uE5hdhkKlheTUxg
DA:267,0,KpmIJoaWxYAWYdu+L0wOnw
DA:268,0,4IpjtowmmyXYuaTagmlGfw
DA:270,0,66l3ThdmDukmOmLphtByPA
DA:272,0,6/HNQoB6LA+/z5J4xICOgg
DA:300,0,u4Ca50dcZLCH5agVOvzHOg
LF:209
LH:145
end_of_record
